2020-07-25 12:03:50.725  INFO 18500 --- [restartedMain] l.m.c.community.CommunityApplication     : Starting CommunityApplication on LAPTOP-ASPKMCR9 with PID 18500 (C:\Users\Gzbgreat\Desktop\cloud2020\community\target\classes started by Gzbgreat in C:\Users\Gzbgreat\Desktop\cloud2020\community)
2020-07-25 12:03:50.725  INFO 18500 --- [restartedMain] l.m.c.community.CommunityApplication     : No active profile set, falling back to default profiles: default
2020-07-25 12:03:50.773  INFO 18500 --- [restartedMain] .e.DevToolsPropertyDefaultsPostProcessor : Devtools property defaults active! Set 'spring.devtools.add-properties' to 'false' to disable
2020-07-25 12:03:50.787  INFO 18500 --- [restartedMain] .e.DevToolsPropertyDefaultsPostProcessor : For additional web related logging consider setting the 'logging.level.web' property to 'DEBUG'
2020-07-25 12:03:51.924  INFO 18500 --- [restartedMain] o.s.b.w.embedded.tomcat.TomcatWebServer  : Tomcat initialized with port(s): 8887 (http)
2020-07-25 12:03:51.940  INFO 18500 --- [restartedMain] o.apache.catalina.core.StandardService   : Starting service [Tomcat]
2020-07-25 12:03:51.940  INFO 18500 --- [restartedMain] org.apache.catalina.core.StandardEngine  : Starting Servlet engine: [Apache Tomcat/9.0.35]
2020-07-25 12:03:52.029  INFO 18500 --- [restartedMain] o.a.c.c.C.[Tomcat].[localhost].[/]       : Initializing Spring embedded WebApplicationContext
2020-07-25 12:03:52.029  INFO 18500 --- [restartedMain] o.s.web.context.ContextLoader            : Root WebApplicationContext: initialization completed in 1242 ms
2020-07-25 12:03:52.061  INFO 18500 --- [restartedMain] com.zaxxer.hikari.HikariDataSource       : HikariPool-1 - Starting...
2020-07-25 12:03:52.175  INFO 18500 --- [restartedMain] com.zaxxer.hikari.HikariDataSource       : HikariPool-1 - Start completed.
2020-07-25 12:03:52.183  INFO 18500 --- [restartedMain] o.s.b.a.h2.H2ConsoleAutoConfiguration    : H2 console available at '/h2-console'. Database available at 'jdbc:h2:~/community'
2020-07-25 12:03:52.604  INFO 18500 --- [restartedMain] o.s.s.concurrent.ThreadPoolTaskExecutor  : Initializing ExecutorService 'applicationTaskExecutor'
2020-07-25 12:03:52.652  INFO 18500 --- [restartedMain] o.s.b.a.w.s.WelcomePageHandlerMapping    : Adding welcome page template: index
2020-07-25 12:03:53.028  INFO 18500 --- [restartedMain] o.s.b.d.a.OptionalLiveReloadServer       : LiveReload server is running on port 35729
2020-07-25 12:03:53.212  INFO 18500 --- [restartedMain] o.s.b.w.embedded.tomcat.TomcatWebServer  : Tomcat started on port(s): 8887 (http) with context path ''
2020-07-25 12:03:53.220  INFO 18500 --- [restartedMain] l.m.c.community.CommunityApplication     : Started CommunityApplication in 2.805 seconds (JVM running for 3.537)
2020-07-25 12:03:58.880  INFO 18500 --- [http-nio-8887-exec-1] o.a.c.c.C.[Tomcat].[localhost].[/]       : Initializing Spring DispatcherServlet 'dispatcherServlet'
2020-07-25 12:03:58.880  INFO 18500 --- [http-nio-8887-exec-1] o.s.web.servlet.DispatcherServlet        : Initializing Servlet 'dispatcherServlet'
2020-07-25 12:03:58.888  INFO 18500 --- [http-nio-8887-exec-1] o.s.web.servlet.DispatcherServlet        : Completed initialization in 8 ms
2020-07-25 12:03:58.951 DEBUG 18500 --- [http-nio-8887-exec-1] l.m.c.c.m.UserMapper.selectByExample     : ==>  Preparing: select ID, ACCOUNT_ID, NAME, TOKEN, GMT_CREATE, GMT_MODIFIED, BIO, AVATAR_URL from USER WHERE ( TOKEN = ? )
2020-07-25 12:03:58.960 DEBUG 18500 --- [http-nio-8887-exec-1] l.m.c.c.m.UserMapper.selectByExample     : ==> Parameters: baaa2e6a-0a25-4933-8f71-56f71ca00933(String)
2020-07-25 12:03:58.976 DEBUG 18500 --- [http-nio-8887-exec-1] l.m.c.c.m.UserMapper.selectByExample     : <==      Total: 1
2020-07-25 12:03:59.169  WARN 18500 --- [http-nio-8887-exec-1] o.a.c.util.SessionIdGeneratorBase        : Creation of SecureRandom instance for session ID generation using [SHA1PRNG] took [193] milliseconds.
2020-07-25 12:03:59.177 DEBUG 18500 --- [http-nio-8887-exec-1] l.m.c.c.m.N.countByExample               : ==>  Preparing: select count(*) from NOTIFICATION WHERE ( RECEIVER = ? and STATUS = ? )
2020-07-25 12:03:59.177 DEBUG 18500 --- [http-nio-8887-exec-1] l.m.c.c.m.N.countByExample               : ==> Parameters: 1(Long), 0(Integer)
2020-07-25 12:03:59.177 DEBUG 18500 --- [http-nio-8887-exec-1] l.m.c.c.m.N.countByExample               : <==      Total: 1
2020-07-25 12:03:59.193 DEBUG 18500 --- [http-nio-8887-exec-1] l.m.c.c.m.Q.countBySearch                : ==>  Preparing: select count(*) from QUESTION
2020-07-25 12:03:59.193 DEBUG 18500 --- [http-nio-8887-exec-1] l.m.c.c.m.Q.countBySearch                : ==> Parameters: 
2020-07-25 12:03:59.193 DEBUG 18500 --- [http-nio-8887-exec-1] l.m.c.c.m.Q.countBySearch                : <==      Total: 1
2020-07-25 12:03:59.201 DEBUG 18500 --- [http-nio-8887-exec-1] l.m.c.c.m.Q.selectBySearch               : ==>  Preparing: select * from QUESTION order by gmt_create desc limit ?,?
2020-07-25 12:03:59.201 DEBUG 18500 --- [http-nio-8887-exec-1] l.m.c.c.m.Q.selectBySearch               : ==> Parameters: 0(Integer), 5(Integer)
2020-07-25 12:03:59.209 DEBUG 18500 --- [http-nio-8887-exec-1] l.m.c.c.m.Q.selectBySearch               : <==      Total: 5
2020-07-25 12:03:59.209 DEBUG 18500 --- [http-nio-8887-exec-1] l.m.c.c.m.UserMapper.selectByPrimaryKey  : ==>  Preparing: select ID, ACCOUNT_ID, NAME, TOKEN, GMT_CREATE, GMT_MODIFIED, BIO, AVATAR_URL from USER where ID = ?
2020-07-25 12:03:59.209 DEBUG 18500 --- [http-nio-8887-exec-1] l.m.c.c.m.UserMapper.selectByPrimaryKey  : ==> Parameters: 1(Long)
2020-07-25 12:03:59.209 DEBUG 18500 --- [http-nio-8887-exec-1] l.m.c.c.m.UserMapper.selectByPrimaryKey  : <==      Total: 1
2020-07-25 12:03:59.217 DEBUG 18500 --- [http-nio-8887-exec-1] l.m.c.c.m.UserMapper.selectByPrimaryKey  : ==>  Preparing: select ID, ACCOUNT_ID, NAME, TOKEN, GMT_CREATE, GMT_MODIFIED, BIO, AVATAR_URL from USER where ID = ?
2020-07-25 12:03:59.217 DEBUG 18500 --- [http-nio-8887-exec-1] l.m.c.c.m.UserMapper.selectByPrimaryKey  : ==> Parameters: 1(Long)
2020-07-25 12:03:59.217 DEBUG 18500 --- [http-nio-8887-exec-1] l.m.c.c.m.UserMapper.selectByPrimaryKey  : <==      Total: 1
2020-07-25 12:03:59.217 DEBUG 18500 --- [http-nio-8887-exec-1] l.m.c.c.m.UserMapper.selectByPrimaryKey  : ==>  Preparing: select ID, ACCOUNT_ID, NAME, TOKEN, GMT_CREATE, GMT_MODIFIED, BIO, AVATAR_URL from USER where ID = ?
2020-07-25 12:03:59.217 DEBUG 18500 --- [http-nio-8887-exec-1] l.m.c.c.m.UserMapper.selectByPrimaryKey  : ==> Parameters: 1(Long)
2020-07-25 12:03:59.217 DEBUG 18500 --- [http-nio-8887-exec-1] l.m.c.c.m.UserMapper.selectByPrimaryKey  : <==      Total: 1
2020-07-25 12:03:59.217 DEBUG 18500 --- [http-nio-8887-exec-1] l.m.c.c.m.UserMapper.selectByPrimaryKey  : ==>  Preparing: select ID, ACCOUNT_ID, NAME, TOKEN, GMT_CREATE, GMT_MODIFIED, BIO, AVATAR_URL from USER where ID = ?
2020-07-25 12:03:59.217 DEBUG 18500 --- [http-nio-8887-exec-1] l.m.c.c.m.UserMapper.selectByPrimaryKey  : ==> Parameters: 1(Long)
2020-07-25 12:03:59.217 DEBUG 18500 --- [http-nio-8887-exec-1] l.m.c.c.m.UserMapper.selectByPrimaryKey  : <==      Total: 1
2020-07-25 12:03:59.217 DEBUG 18500 --- [http-nio-8887-exec-1] l.m.c.c.m.UserMapper.selectByPrimaryKey  : ==>  Preparing: select ID, ACCOUNT_ID, NAME, TOKEN, GMT_CREATE, GMT_MODIFIED, BIO, AVATAR_URL from USER where ID = ?
2020-07-25 12:03:59.217 DEBUG 18500 --- [http-nio-8887-exec-1] l.m.c.c.m.UserMapper.selectByPrimaryKey  : ==> Parameters: 1(Long)
2020-07-25 12:03:59.217 DEBUG 18500 --- [http-nio-8887-exec-1] l.m.c.c.m.UserMapper.selectByPrimaryKey  : <==      Total: 1
2020-07-25 12:03:59.521 DEBUG 18500 --- [http-nio-8887-exec-2] l.m.c.c.m.UserMapper.selectByExample     : ==>  Preparing: select ID, ACCOUNT_ID, NAME, TOKEN, GMT_CREATE, GMT_MODIFIED, BIO, AVATAR_URL from USER WHERE ( TOKEN = ? )
2020-07-25 12:03:59.521 DEBUG 18500 --- [http-nio-8887-exec-10] l.m.c.c.m.UserMapper.selectByExample     : ==>  Preparing: select ID, ACCOUNT_ID, NAME, TOKEN, GMT_CREATE, GMT_MODIFIED, BIO, AVATAR_URL from USER WHERE ( TOKEN = ? )
2020-07-25 12:03:59.521 DEBUG 18500 --- [http-nio-8887-exec-8] l.m.c.c.m.UserMapper.selectByExample     : ==>  Preparing: select ID, ACCOUNT_ID, NAME, TOKEN, GMT_CREATE, GMT_MODIFIED, BIO, AVATAR_URL from USER WHERE ( TOKEN = ? )
2020-07-25 12:03:59.521 DEBUG 18500 --- [http-nio-8887-exec-4] l.m.c.c.m.UserMapper.selectByExample     : ==>  Preparing: select ID, ACCOUNT_ID, NAME, TOKEN, GMT_CREATE, GMT_MODIFIED, BIO, AVATAR_URL from USER WHERE ( TOKEN = ? )
2020-07-25 12:03:59.521 DEBUG 18500 --- [http-nio-8887-exec-6] l.m.c.c.m.UserMapper.selectByExample     : ==>  Preparing: select ID, ACCOUNT_ID, NAME, TOKEN, GMT_CREATE, GMT_MODIFIED, BIO, AVATAR_URL from USER WHERE ( TOKEN = ? )
2020-07-25 12:03:59.521 DEBUG 18500 --- [http-nio-8887-exec-2] l.m.c.c.m.UserMapper.selectByExample     : ==> Parameters: baaa2e6a-0a25-4933-8f71-56f71ca00933(String)
2020-07-25 12:03:59.521 DEBUG 18500 --- [http-nio-8887-exec-8] l.m.c.c.m.UserMapper.selectByExample     : ==> Parameters: baaa2e6a-0a25-4933-8f71-56f71ca00933(String)
2020-07-25 12:03:59.521 DEBUG 18500 --- [http-nio-8887-exec-6] l.m.c.c.m.UserMapper.selectByExample     : ==> Parameters: baaa2e6a-0a25-4933-8f71-56f71ca00933(String)
2020-07-25 12:03:59.521 DEBUG 18500 --- [http-nio-8887-exec-4] l.m.c.c.m.UserMapper.selectByExample     : ==> Parameters: baaa2e6a-0a25-4933-8f71-56f71ca00933(String)
2020-07-25 12:03:59.521 DEBUG 18500 --- [http-nio-8887-exec-10] l.m.c.c.m.UserMapper.selectByExample     : ==> Parameters: baaa2e6a-0a25-4933-8f71-56f71ca00933(String)
2020-07-25 12:03:59.521 DEBUG 18500 --- [http-nio-8887-exec-4] l.m.c.c.m.UserMapper.selectByExample     : <==      Total: 1
2020-07-25 12:03:59.521 DEBUG 18500 --- [http-nio-8887-exec-6] l.m.c.c.m.UserMapper.selectByExample     : <==      Total: 1
2020-07-25 12:03:59.521 DEBUG 18500 --- [http-nio-8887-exec-2] l.m.c.c.m.UserMapper.selectByExample     : <==      Total: 1
2020-07-25 12:03:59.521 DEBUG 18500 --- [http-nio-8887-exec-8] l.m.c.c.m.UserMapper.selectByExample     : <==      Total: 1
2020-07-25 12:03:59.521 DEBUG 18500 --- [http-nio-8887-exec-10] l.m.c.c.m.UserMapper.selectByExample     : <==      Total: 1
2020-07-25 12:03:59.521 DEBUG 18500 --- [http-nio-8887-exec-2] l.m.c.c.m.N.countByExample               : ==>  Preparing: select count(*) from NOTIFICATION WHERE ( RECEIVER = ? and STATUS = ? )
2020-07-25 12:03:59.521 DEBUG 18500 --- [http-nio-8887-exec-4] l.m.c.c.m.N.countByExample               : ==>  Preparing: select count(*) from NOTIFICATION WHERE ( RECEIVER = ? and STATUS = ? )
2020-07-25 12:03:59.521 DEBUG 18500 --- [http-nio-8887-exec-8] l.m.c.c.m.N.countByExample               : ==>  Preparing: select count(*) from NOTIFICATION WHERE ( RECEIVER = ? and STATUS = ? )
2020-07-25 12:03:59.521 DEBUG 18500 --- [http-nio-8887-exec-6] l.m.c.c.m.N.countByExample               : ==>  Preparing: select count(*) from NOTIFICATION WHERE ( RECEIVER = ? and STATUS = ? )
2020-07-25 12:03:59.521 DEBUG 18500 --- [http-nio-8887-exec-10] l.m.c.c.m.N.countByExample               : ==>  Preparing: select count(*) from NOTIFICATION WHERE ( RECEIVER = ? and STATUS = ? )
2020-07-25 12:03:59.521 DEBUG 18500 --- [http-nio-8887-exec-2] l.m.c.c.m.N.countByExample               : ==> Parameters: 1(Long), 0(Integer)
2020-07-25 12:03:59.521 DEBUG 18500 --- [http-nio-8887-exec-4] l.m.c.c.m.N.countByExample               : ==> Parameters: 1(Long), 0(Integer)
2020-07-25 12:03:59.521 DEBUG 18500 --- [http-nio-8887-exec-6] l.m.c.c.m.N.countByExample               : ==> Parameters: 1(Long), 0(Integer)
2020-07-25 12:03:59.521 DEBUG 18500 --- [http-nio-8887-exec-8] l.m.c.c.m.N.countByExample               : ==> Parameters: 1(Long), 0(Integer)
2020-07-25 12:03:59.521 DEBUG 18500 --- [http-nio-8887-exec-10] l.m.c.c.m.N.countByExample               : ==> Parameters: 1(Long), 0(Integer)
2020-07-25 12:03:59.521 DEBUG 18500 --- [http-nio-8887-exec-4] l.m.c.c.m.N.countByExample               : <==      Total: 1
2020-07-25 12:03:59.521 DEBUG 18500 --- [http-nio-8887-exec-2] l.m.c.c.m.N.countByExample               : <==      Total: 1
2020-07-25 12:03:59.521 DEBUG 18500 --- [http-nio-8887-exec-6] l.m.c.c.m.N.countByExample               : <==      Total: 1
2020-07-25 12:03:59.521 DEBUG 18500 --- [http-nio-8887-exec-8] l.m.c.c.m.N.countByExample               : <==      Total: 1
2020-07-25 12:03:59.521 DEBUG 18500 --- [http-nio-8887-exec-10] l.m.c.c.m.N.countByExample               : <==      Total: 1
2020-07-25 12:03:59.545 DEBUG 18500 --- [http-nio-8887-exec-7] l.m.c.c.m.UserMapper.selectByExample     : ==>  Preparing: select ID, ACCOUNT_ID, NAME, TOKEN, GMT_CREATE, GMT_MODIFIED, BIO, AVATAR_URL from USER WHERE ( TOKEN = ? )
2020-07-25 12:03:59.553 DEBUG 18500 --- [http-nio-8887-exec-7] l.m.c.c.m.UserMapper.selectByExample     : ==> Parameters: baaa2e6a-0a25-4933-8f71-56f71ca00933(String)
2020-07-25 12:03:59.553 DEBUG 18500 --- [http-nio-8887-exec-7] l.m.c.c.m.UserMapper.selectByExample     : <==      Total: 1
2020-07-25 12:03:59.553 DEBUG 18500 --- [http-nio-8887-exec-7] l.m.c.c.m.N.countByExample               : ==>  Preparing: select count(*) from NOTIFICATION WHERE ( RECEIVER = ? and STATUS = ? )
2020-07-25 12:03:59.553 DEBUG 18500 --- [http-nio-8887-exec-7] l.m.c.c.m.N.countByExample               : ==> Parameters: 1(Long), 0(Integer)
2020-07-25 12:03:59.553 DEBUG 18500 --- [http-nio-8887-exec-7] l.m.c.c.m.N.countByExample               : <==      Total: 1
2020-07-25 12:03:59.577 DEBUG 18500 --- [http-nio-8887-exec-9] l.m.c.c.m.UserMapper.selectByExample     : ==>  Preparing: select ID, ACCOUNT_ID, NAME, TOKEN, GMT_CREATE, GMT_MODIFIED, BIO, AVATAR_URL from USER WHERE ( TOKEN = ? )
2020-07-25 12:03:59.577 DEBUG 18500 --- [http-nio-8887-exec-9] l.m.c.c.m.UserMapper.selectByExample     : ==> Parameters: baaa2e6a-0a25-4933-8f71-56f71ca00933(String)
2020-07-25 12:03:59.577 DEBUG 18500 --- [http-nio-8887-exec-9] l.m.c.c.m.UserMapper.selectByExample     : <==      Total: 1
2020-07-25 12:03:59.577 DEBUG 18500 --- [http-nio-8887-exec-9] l.m.c.c.m.N.countByExample               : ==>  Preparing: select count(*) from NOTIFICATION WHERE ( RECEIVER = ? and STATUS = ? )
2020-07-25 12:03:59.577 DEBUG 18500 --- [http-nio-8887-exec-9] l.m.c.c.m.N.countByExample               : ==> Parameters: 1(Long), 0(Integer)
2020-07-25 12:03:59.577 DEBUG 18500 --- [http-nio-8887-exec-9] l.m.c.c.m.N.countByExample               : <==      Total: 1
2020-07-25 12:07:37.187  INFO 28428 --- [restartedMain] l.m.c.community.CommunityApplication     : Starting CommunityApplication on LAPTOP-ASPKMCR9 with PID 28428 (C:\Users\Gzbgreat\Desktop\cloud2020\community\target\classes started by Gzbgreat in C:\Users\Gzbgreat\Desktop\cloud2020\community)
2020-07-25 12:07:37.187  INFO 28428 --- [restartedMain] l.m.c.community.CommunityApplication     : No active profile set, falling back to default profiles: default
2020-07-25 12:07:37.227  INFO 28428 --- [restartedMain] .e.DevToolsPropertyDefaultsPostProcessor : Devtools property defaults active! Set 'spring.devtools.add-properties' to 'false' to disable
2020-07-25 12:07:37.227  INFO 28428 --- [restartedMain] .e.DevToolsPropertyDefaultsPostProcessor : For additional web related logging consider setting the 'logging.level.web' property to 'DEBUG'
2020-07-25 12:07:38.332  INFO 28428 --- [restartedMain] o.s.b.w.embedded.tomcat.TomcatWebServer  : Tomcat initialized with port(s): 8887 (http)
2020-07-25 12:07:38.340  INFO 28428 --- [restartedMain] o.apache.catalina.core.StandardService   : Starting service [Tomcat]
2020-07-25 12:07:38.340  INFO 28428 --- [restartedMain] org.apache.catalina.core.StandardEngine  : Starting Servlet engine: [Apache Tomcat/9.0.35]
2020-07-25 12:07:38.420  INFO 28428 --- [restartedMain] o.a.c.c.C.[Tomcat].[localhost].[/]       : Initializing Spring embedded WebApplicationContext
2020-07-25 12:07:38.420  INFO 28428 --- [restartedMain] o.s.web.context.ContextLoader            : Root WebApplicationContext: initialization completed in 1193 ms
2020-07-25 12:07:38.452  INFO 28428 --- [restartedMain] com.zaxxer.hikari.HikariDataSource       : HikariPool-1 - Starting...
2020-07-25 12:07:38.580  INFO 28428 --- [restartedMain] com.zaxxer.hikari.HikariDataSource       : HikariPool-1 - Start completed.
2020-07-25 12:07:38.589  INFO 28428 --- [restartedMain] o.s.b.a.h2.H2ConsoleAutoConfiguration    : H2 console available at '/h2-console'. Database available at 'jdbc:h2:~/community'
2020-07-25 12:07:39.034  INFO 28428 --- [restartedMain] o.s.s.concurrent.ThreadPoolTaskExecutor  : Initializing ExecutorService 'applicationTaskExecutor'
2020-07-25 12:07:39.090  INFO 28428 --- [restartedMain] o.s.b.a.w.s.WelcomePageHandlerMapping    : Adding welcome page template: index
2020-07-25 12:07:39.490  INFO 28428 --- [restartedMain] o.s.b.d.a.OptionalLiveReloadServer       : LiveReload server is running on port 35729
2020-07-25 12:07:39.732  INFO 28428 --- [restartedMain] o.s.b.w.embedded.tomcat.TomcatWebServer  : Tomcat started on port(s): 8887 (http) with context path ''
2020-07-25 12:07:39.748  INFO 28428 --- [restartedMain] l.m.c.community.CommunityApplication     : Started CommunityApplication in 2.923 seconds (JVM running for 3.749)
